20:50:55.630 [ApplicationImpl pooled thread 30] INFO  c.b.l.BrowserStackRunExtension - testng
20:50:55.631 [ApplicationImpl pooled thread 30] INFO  com.browserstack.utils.Helpers - null
20:50:55.632 [ApplicationImpl pooled thread 30] INFO  com.browserstack.utils.Helpers - C:/Users/User/.m2/repository/com/browserstack/browserstack-java-sdk/1.8.0/browserstack-java-sdk-1.8.0.jar
20:50:55.632 [ApplicationImpl pooled thread 30] INFO  c.b.l.BrowserStackRunExtension - Agent path: C:/Users/User/.m2/repository/com/browserstack/browserstack-java-sdk/1.8.0/browserstack-java-sdk-1.8.0.jar
20:50:55.632 [ApplicationImpl pooled thread 30] INFO  c.b.l.BrowserStackRunExtension - Plugin version: v1.1.2
20:52:22.008 [ApplicationImpl pooled thread 36] INFO  c.b.l.BrowserStackRunExtension - testng
20:52:22.008 [ApplicationImpl pooled thread 36] INFO  com.browserstack.utils.Helpers - null
20:52:22.012 [ApplicationImpl pooled thread 36] INFO  com.browserstack.utils.Helpers - C:/Users/User/.m2/repository/com/browserstack/browserstack-java-sdk/1.8.0/browserstack-java-sdk-1.8.0.jar
20:52:22.012 [ApplicationImpl pooled thread 36] INFO  c.b.l.BrowserStackRunExtension - Agent path: C:/Users/User/.m2/repository/com/browserstack/browserstack-java-sdk/1.8.0/browserstack-java-sdk-1.8.0.jar
20:52:22.012 [ApplicationImpl pooled thread 36] INFO  c.b.l.BrowserStackRunExtension - Plugin version: v1.1.2
23:31:54.865 [ApplicationImpl pooled thread 125] INFO  c.b.l.BrowserStackRunExtension - testng
23:31:54.866 [ApplicationImpl pooled thread 125] INFO  com.browserstack.utils.Helpers - null
23:31:54.866 [ApplicationImpl pooled thread 125] INFO  com.browserstack.utils.Helpers - C:/Users/User/.m2/repository/com/browserstack/browserstack-java-sdk/1.8.0/browserstack-java-sdk-1.8.0.jar
23:31:54.866 [ApplicationImpl pooled thread 125] INFO  c.b.l.BrowserStackRunExtension - Agent path: C:/Users/User/.m2/repository/com/browserstack/browserstack-java-sdk/1.8.0/browserstack-java-sdk-1.8.0.jar
23:31:54.866 [ApplicationImpl pooled thread 125] INFO  c.b.l.BrowserStackRunExtension - Plugin version: v1.1.2
23:34:42.030 [ApplicationImpl pooled thread 125] INFO  c.b.l.BrowserStackRunExtension - testng
23:34:42.030 [ApplicationImpl pooled thread 125] INFO  com.browserstack.utils.Helpers - null
23:34:42.031 [ApplicationImpl pooled thread 125] INFO  com.browserstack.utils.Helpers - C:/Users/User/.m2/repository/com/browserstack/browserstack-java-sdk/1.8.0/browserstack-java-sdk-1.8.0.jar
23:34:42.031 [ApplicationImpl pooled thread 125] INFO  c.b.l.BrowserStackRunExtension - Agent path: C:/Users/User/.m2/repository/com/browserstack/browserstack-java-sdk/1.8.0/browserstack-java-sdk-1.8.0.jar
23:34:42.031 [ApplicationImpl pooled thread 125] INFO  c.b.l.BrowserStackRunExtension - Plugin version: v1.1.2
17:17:03.524 [ApplicationImpl pooled thread 26] INFO  c.b.l.BrowserStackRunExtension - testng
17:17:03.525 [ApplicationImpl pooled thread 26] INFO  com.browserstack.utils.Helpers - null
17:17:03.525 [ApplicationImpl pooled thread 26] INFO  com.browserstack.utils.Helpers - C:/Users/User/.m2/repository/com/browserstack/browserstack-java-sdk/1.8.0/browserstack-java-sdk-1.8.0.jar
17:17:03.525 [ApplicationImpl pooled thread 26] INFO  c.b.l.BrowserStackRunExtension - Agent path: C:/Users/User/.m2/repository/com/browserstack/browserstack-java-sdk/1.8.0/browserstack-java-sdk-1.8.0.jar
17:17:03.525 [ApplicationImpl pooled thread 26] INFO  c.b.l.BrowserStackRunExtension - Plugin version: v1.1.2
18:14:15.863 [ApplicationImpl pooled thread 70] INFO  c.b.l.BrowserStackRunExtension - testng
18:14:15.863 [ApplicationImpl pooled thread 70] INFO  com.browserstack.utils.Helpers - null
18:14:15.863 [ApplicationImpl pooled thread 70] INFO  com.browserstack.utils.Helpers - C:/Users/User/.m2/repository/com/browserstack/browserstack-java-sdk/1.8.0/browserstack-java-sdk-1.8.0.jar
18:14:15.863 [ApplicationImpl pooled thread 70] INFO  c.b.l.BrowserStackRunExtension - Agent path: C:/Users/User/.m2/repository/com/browserstack/browserstack-java-sdk/1.8.0/browserstack-java-sdk-1.8.0.jar
18:14:15.863 [ApplicationImpl pooled thread 70] INFO  c.b.l.BrowserStackRunExtension - Plugin version: v1.1.2
18:44:11.673 [ApplicationImpl pooled thread 78] INFO  c.b.l.BrowserStackRunExtension - testng
18:44:11.673 [ApplicationImpl pooled thread 78] INFO  com.browserstack.utils.Helpers - null
18:44:11.674 [ApplicationImpl pooled thread 78] INFO  com.browserstack.utils.Helpers - C:/Users/User/.m2/repository/com/browserstack/browserstack-java-sdk/1.8.0/browserstack-java-sdk-1.8.0.jar
18:44:11.674 [ApplicationImpl pooled thread 78] INFO  c.b.l.BrowserStackRunExtension - Agent path: C:/Users/User/.m2/repository/com/browserstack/browserstack-java-sdk/1.8.0/browserstack-java-sdk-1.8.0.jar
18:44:11.674 [ApplicationImpl pooled thread 78] INFO  c.b.l.BrowserStackRunExtension - Plugin version: v1.1.2
